#
# A fatal error has been detected by the Java Runtime Environment:
#
#  EXCEPTION_ACCESS_VIOLATION (0xc0000005) at pc=0x73a2a7af, pid=564, tid=5052
#
# JRE version: 7.0_13-b20
# Java VM: Java HotSpot(TM) Client VM (23.7-b01 mixed mode windows-x86 )
# Problematic frame:
# C  [jdwp.dll+0x1a7af]  Agent_OnLoad+0xf442
#
# Failed to write core dump. Minidumps are not enabled by default on client versions of Windows
#
# If you would like to submit a bug report, please visit:
#   http://bugreport.sun.com/bugreport/crash.jsp
# The crash happened outside the Java Virtual Machine in native code.
# See problematic frame for where to report the bug.
#

---------------  T H R E A D  ---------------

Current thread (0x18741400):  JavaThread "JDWP Command Reader" daemon [_thread_in_native, id=5052, stack(0x19530000,0x19580000)]

siginfo: ExceptionCode=0xc0000005, reading address 0x00000000

Registers:
EAX=0x00000028, EBX=0x6f1e326c, ECX=0x00000000, EDX=0xf268ff6b
ESP=0x1957f560, EBP=0x1957f564, ESI=0x0000000c, EDI=0x6f1e315c
EIP=0x73a2a7af, EFLAGS=0x00010206

Top of Stack: (sp=0x1957f560)
0x1957f560:   0000000c 1957f688 6f1e107e 00000028
0x1957f570:   1957f584 6f1e315c 6f1e326c 1957f6c8
0x1957f580:   000000ca 65746e49 70757272 20646574
0x1957f590:   636e7566 6e6f6974 6c616320 736a006c
0x1957f5a0:   736a432a 001b7fb0 001e05f0 001b7fb0
0x1957f5b0:   00000004 00000000 01000001 00000000
0x1957f5c0:   00000020 01010000 1957f500 c0000120
0x1957f5d0:   1957f910 77106325 012e269b fffffffe 

Instructions: (pc=0x73a2a7af)
0x73a2a78f:   5f 33 cd 5e e8 54 2d 00 00 c9 c3 55 8b ec 8b 45
0x73a2a79f:   08 85 c0 75 02 5d c3 8b 0d e4 57 a3 73 8b 09 56
0x73a2a7af:   8b 31 57 8d 55 08 52 99 52 50 51 ff 96 b4 00 00
0x73a2a7bf:   00 8b f8 85 ff 74 41 68 05 07 00 00 68 80 2f a3 


Register to memory mapping:

EAX=0x00000028 is an unknown value
EBX=0x6f1e326c is an unknown value
ECX=0x00000000 is an unknown value
EDX=0xf268ff6b is an unknown value
ESP=0x1957f560 is pointing into the stack for thread: 0x18741400
EBP=0x1957f564 is pointing into the stack for thread: 0x18741400
ESI=0x0000000c is an unknown value
EDI=0x6f1e315c is an unknown value


Stack: [0x19530000,0x19580000],  sp=0x1957f560,  free space=317k
Native frames: (J=compiled Java code, j=interpreted, Vv=VM code, C=native code)
C  [jdwp.dll+0x1a7af]  Agent_OnLoad+0xf442
C  [dt_socket.dll+0x107e]
C  [dt_socket.dll+0x14f7]
C  [jdwp.dll+0x1870f]  Agent_OnLoad+0xd3a2
V  [jvm.dll+0xf45fd]
V  [jvm.dll+0x14a647]
V  [jvm.dll+0x14a7b0]
V  [jvm.dll+0x17ee89]
C  [msvcr100.dll+0x5c6de]  endthreadex+0x3a
C  [msvcr100.dll+0x5c788]  endthreadex+0xe4
C  [kernel32.dll+0x1338a]  BaseThreadInitThunk+0x12
C  [ntdll.dll+0x39a02]  RtlInitializeExceptionChain+0x63
C  [ntdll.dll+0x399d5]  RtlInitializeExceptionChain+0x36


---------------  P R O C E S S  ---------------

Java Threads: ( => current thread )
  0x18752400 JavaThread "Service Thread" daemon [_thread_blocked, id=3052, stack(0x193d0000,0x19420000)]
  0x1874f800 JavaThread "C1 CompilerThread0" daemon [_thread_blocked, id=6312, stack(0x19600000,0x19650000)]
=>0x18741400 JavaThread "JDWP Command Reader" daemon [_thread_in_native, id=5052, stack(0x19530000,0x19580000)]
  0x18740000 JavaThread "JDWP Event Helper Thread" daemon [_thread_blocked, id=5644, stack(0x18e60000,0x18eb0000)]
  0x18739000 JavaThread "JDWP Transport Listener: dt_socket" daemon [_thread_blocked, id=5672, stack(0x18960000,0x189b0000)]
  0x18733c00 JavaThread "Attach Listener" daemon [_thread_blocked, id=4992, stack(0x18d10000,0x18d60000)]
  0x186b1000 JavaThread "Finalizer" daemon [_thread_blocked, id=6864, stack(0x18ba0000,0x18bf0000)]
  0x186ac400 JavaThread "Reference Handler" daemon [_thread_blocked, id=3268, stack(0x18bf0000,0x18c40000)]
  0x0112cc00 JavaThread "main" [_thread_blocked, id=4780, stack(0x00880000,0x008d0000)]

Other Threads:
  0x186a6c00 VMThread [stack: 0x18910000,0x18960000] [id=5924]

VM state:at safepoint (normal execution)

VM Mutex/Monitor currently owned by a thread:  ([mutex/lock_event])
[0x0112a1d8] Threads_lock - owner thread: 0x186a6c00

Heap
 def new generation   total 52416K, used 1418K [0x045c0000, 0x07e90000, 0x09b10000)
  eden space 46656K,   3% used [0x045c0000, 0x04722ac0, 0x07350000)
  from space 5760K,   0% used [0x07350000, 0x07350000, 0x078f0000)
  to   space 5760K,   0% used [0x078f0000, 0x078f0000, 0x07e90000)
 tenured generation   total 116228K, used 36875K [0x09b10000, 0x10c91000, 0x145c0000)
   the space 116228K,  31% used [0x09b10000, 0x0bf12df8, 0x0bf12e00, 0x10c91000)
 compacting perm gen  total 15104K, used 15079K [0x145c0000, 0x15480000, 0x185c0000)
   the space 15104K,  99% used [0x145c0000, 0x15479c40, 0x15479e00, 0x15480000)
No shared spaces configured.

Card table byte_map: [0x185c0000,0x18670000] byte_map_base: 0x1859d200

Polling page: 0x001f0000

Code Cache  [0x025c0000, 0x02c38000, 0x045c0000)
 total_blobs=3553 nmethods=3387 adapters=107 free_code_cache=26165Kb largest_free_block=26790144

Compilation events (10 events):
Event: 58.796 Thread 0x1874f800 3440             org.eclipse.sisu.bean.BeanScheduler::getPendingHolder (28 bytes)
Event: 58.797 Thread 0x1874f800 nmethod 3440 0x02c30888 code [0x02c309e0, 0x02c30c48]
Event: 58.797 Thread 0x1874f800 3441             com.google.inject.internal.ProvisionListenerStackCallback$Provision::<init> (39 bytes)
Event: 58.797 Thread 0x1874f800 nmethod 3441 0x02c30ec8 code [0x02c30fd0, 0x02c310ec]
Event: 58.798 Thread 0x1874f800 3442             com.google.inject.internal.InternalContext::getConstructionContext (40 bytes)
Event: 58.798 Thread 0x1874f800 nmethod 3442 0x02c31208 code [0x02c31320, 0x02c31468]
Event: 58.989 Thread 0x1874f800 3443   !         org.eclipse.aether.internal.impl.DefaultFileProcessor::copy (92 bytes)
Event: 58.990 Thread 0x1874f800 nmethod 3443 0x02c31548 code [0x02c316c0, 0x02c31ac4]
Event: 59.131 Thread 0x1874f800 3444   !         java.util.zip.ZipFile::close (223 bytes)
Event: 59.132 Thread 0x1874f800 nmethod 3444 0x02c31f48 code [0x02c32190, 0x02c32ba4]

GC Heap History (10 events):
Event: 16.378 GC heap before
{Heap before GC invocations=72 (full 5):
 def new generation   total 52416K, used 46656K [0x045c0000, 0x07e90000, 0x09b10000)
  eden space 46656K, 100% used [0x045c0000, 0x07350000, 0x07350000)
  from space 5760K,   0% used [0x07350000, 0x07350000, 0x078f0000)
  to   space 5760K,   0% used [0x078f0000, 0x078f0000, 0x07e90000)
 tenured generation   total 116228K, used 69736K [0x09b10000, 0x10c91000, 0x145c0000)
   the space 116228K,  59% used [0x09b10000, 0x0df2a000, 0x0df2a000, 0x10c91000)
 compacting perm gen  total 13056K, used 12909K [0x145c0000, 0x15280000, 0x185c0000)
   the space 13056K,  98% used [0x145c0000, 0x1525b748, 0x1525b800, 0x15280000)
No shared spaces configured.
Event: 16.440 GC heap after
Heap after GC invocations=73 (full 5):
 def new generation   total 52416K, used 5545K [0x045c0000, 0x07e90000, 0x09b10000)
  eden space 46656K,   0% used [0x045c0000, 0x045c0000, 0x07350000)
  from space 5760K,  96% used [0x078f0000, 0x07e5a5f8, 0x07e90000)
  to   space 5760K,   0% used [0x07350000, 0x07350000, 0x078f0000)
 tenured generation   total 116228K, used 69736K [0x09b10000, 0x10c91000, 0x145c0000)
   the space 116228K,  59% used [0x09b10000, 0x0df2a000, 0x0df2a000, 0x10c91000)
 compacting perm gen  total 13056K, used 12909K [0x145c0000, 0x15280000, 0x185c0000)
   the space 13056K,  98% used [0x145c0000, 0x1525b748, 0x1525b800, 0x15280000)
No shared spaces configured.
}
Event: 16.849 GC heap before
{Heap before GC invocations=73 (full 5):
 def new generation   total 52416K, used 52201K [0x045c0000, 0x07e90000, 0x09b10000)
  eden space 46656K, 100% used [0x045c0000, 0x07350000, 0x07350000)
  from space 5760K,  96% used [0x078f0000, 0x07e5a5f8, 0x07e90000)
  to   space 5760K,   0% used [0x07350000, 0x07350000, 0x078f0000)
 tenured generation   total 116228K, used 69736K [0x09b10000, 0x10c91000, 0x145c0000)
   the space 116228K,  59% used [0x09b10000, 0x0df2a000, 0x0df2a000, 0x10c91000)
 compacting perm gen  total 13056K, used 12910K [0x145c0000, 0x15280000, 0x185c0000)
   the space 13056K,  98% used [0x145c0000, 0x1525bbe8, 0x1525bc00, 0x15280000)
No shared spaces configured.
Event: 16.877 GC heap after
Heap after GC invocations=74 (full 5):
 def new generation   total 52416K, used 1724K [0x045c0000, 0x07e90000, 0x09b10000)
  eden space 46656K,   0% used [0x045c0000, 0x045c0000, 0x07350000)
  from space 5760K,  29% used [0x07350000, 0x074ff2c8, 0x078f0000)
  to   space 5760K,   0% used [0x078f0000, 0x078f0000, 0x07e90000)
 tenured generation   total 116228K, used 75184K [0x09b10000, 0x10c91000, 0x145c0000)
   the space 116228K,  64% used [0x09b10000, 0x0e47c1e0, 0x0e47c200, 0x10c91000)
 compacting perm gen  total 13056K, used 12910K [0x145c0000, 0x15280000, 0x185c0000)
   the space 13056K,  98% used [0x145c0000, 0x1525bbe8, 0x1525bc00, 0x15280000)
No shared spaces configured.
}
Event: 20.104 GC heap before
{Heap before GC invocations=74 (full 5):
 def new generation   total 52416K, used 48379K [0x045c0000, 0x07e90000, 0x09b10000)
  eden space 46656K,  99% used [0x045c0000, 0x0734fc80, 0x07350000)
  from space 5760K,  29% used [0x07350000, 0x074ff2c8, 0x078f0000)
  to   space 5760K,   0% used [0x078f0000, 0x078f0000, 0x07e90000)
 tenured generation   total 116228K, used 75184K [0x09b10000, 0x10c91000, 0x145c0000)
   the space 116228K,  64% used [0x09b10000, 0x0e47c1e0, 0x0e47c200, 0x10c91000)
 compacting perm gen  total 13312K, used 13154K [0x145c0000, 0x152c0000, 0x185c0000)
   the space 13312K,  98% used [0x145c0000, 0x15298850, 0x15298a00, 0x152c0000)
No shared spaces configured.
Event: 20.124 GC heap after
Heap after GC invocations=75 (full 5):
 def new generation   total 52416K, used 5363K [0x045c0000, 0x07e90000, 0x09b10000)
  eden space 46656K,   0% used [0x045c0000, 0x045c0000, 0x07350000)
  from space 5760K,  93% used [0x078f0000, 0x07e2cf28, 0x07e90000)
  to   space 5760K,   0% used [0x07350000, 0x07350000, 0x078f0000)
 tenured generation   total 116228K, used 75184K [0x09b10000, 0x10c91000, 0x145c0000)
   the space 116228K,  64% used [0x09b10000, 0x0e47c1e0, 0x0e47c200, 0x10c91000)
 compacting perm gen  total 13312K, used 13154K [0x145c0000, 0x152c0000, 0x185c0000)
   the space 13312K,  98% used [0x145c0000, 0x15298850, 0x15298a00, 0x152c0000)
No shared spaces configured.
}
Event: 45.066 GC heap before
{Heap before GC invocations=75 (full 5):
 def new generation   total 52416K, used 52019K [0x045c0000, 0x07e90000, 0x09b10000)
  eden space 46656K, 100% used [0x045c0000, 0x07350000, 0x07350000)
  from space 5760K,  93% used [0x078f0000, 0x07e2cf28, 0x07e90000)
  to   space 5760K,   0% used [0x07350000, 0x07350000, 0x078f0000)
 tenured generation   total 116228K, used 75184K [0x09b10000, 0x10c91000, 0x145c0000)
   the space 116228K,  64% used [0x09b10000, 0x0e47c1e0, 0x0e47c200, 0x10c91000)
 compacting perm gen  total 14848K, used 14837K [0x145c0000, 0x15440000, 0x185c0000)
   the space 14848K,  99% used [0x145c0000, 0x1543d7a8, 0x1543d800, 0x15440000)
No shared spaces configured.
Event: 45.097 GC heap after
Heap after GC invocations=76 (full 5):
 def new generation   total 52416K, used 4615K [0x045c0000, 0x07e90000, 0x09b10000)
  eden space 46656K,   0% used [0x045c0000, 0x045c0000, 0x07350000)
  from space 5760K,  80% used [0x07350000, 0x077d1fd0, 0x078f0000)
  to   space 5760K,   0% used [0x078f0000, 0x078f0000, 0x07e90000)
 tenured generation   total 116228K, used 79410K [0x09b10000, 0x10c91000, 0x145c0000)
   the space 116228K,  68% used [0x09b10000, 0x0e89ca60, 0x0e89cc00, 0x10c91000)
 compacting perm gen  total 14848K, used 14837K [0x145c0000, 0x15440000, 0x185c0000)
   the space 14848K,  99% used [0x145c0000, 0x1543d7a8, 0x1543d800, 0x15440000)
No shared spaces configured.
}
Event: 59.004 GC heap before
{Heap before GC invocations=76 (full 5):
 def new generation   total 52416K, used 47023K [0x045c0000, 0x07e90000, 0x09b10000)
  eden space 46656K,  90% used [0x045c0000, 0x06f29e60, 0x07350000)
  from space 5760K,  80% used [0x07350000, 0x077d1fd0, 0x078f0000)
  to   space 5760K,   0% used [0x078f0000, 0x078f0000, 0x07e90000)
 tenured generation   total 116228K, used 79410K [0x09b10000, 0x10c91000, 0x145c0000)
   the space 116228K,  68% used [0x09b10000, 0x0e89ca60, 0x0e89cc00, 0x10c91000)
 compacting perm gen  total 15104K, used 15077K [0x145c0000, 0x15480000, 0x185c0000)
   the space 15104K,  99% used [0x145c0000, 0x15479400, 0x15479400, 0x15480000)
No shared spaces configured.
Event: 59.128 GC heap after
Heap after GC invocations=77 (full 6):
 def new generation   total 52416K, used 0K [0x045c0000, 0x07e90000, 0x09b10000)
  eden space 46656K,   0% used [0x045c0000, 0x045c0000, 0x07350000)
  from space 5760K,   0% used [0x07350000, 0x07350000, 0x078f0000)
  to   space 5760K,   0% used [0x078f0000, 0x078f0000, 0x07e90000)
 tenured generation   total 116228K, used 36875K [0x09b10000, 0x10c91000, 0x145c0000)
   the space 116228K,  31% used [0x09b10000, 0x0bf12df8, 0x0bf12e00, 0x10c91000)
 compacting perm gen  total 15104K, used 15077K [0x145c0000, 0x15480000, 0x185c0000)
   the space 15104K,  99% used [0x145c0000, 0x15479400, 0x15479400, 0x15480000)
No shared spaces configured.
}

Deoptimization events (0 events):
No events

Internal exceptions (10 events):
Event: 58.995 Thread 0x0112cc00 Threw 0x06e82f78 at C:\jdk7u2_32P\jdk7u13_2932_new\hotspot\src\share\vm\prims\jvm.cpp:1166
Event: 58.996 Thread 0x0112cc00 Threw 0x06e83680 at C:\jdk7u2_32P\jdk7u13_2932_new\hotspot\src\share\vm\prims\jvm.cpp:1166
Event: 59.000 Thread 0x0112cc00 Threw 0x06ea5a18 at C:\jdk7u2_32P\jdk7u13_2932_new\hotspot\src\share\vm\prims\jvm.cpp:1166
Event: 59.000 Thread 0x0112cc00 Threw 0x06ea6210 at C:\jdk7u2_32P\jdk7u13_2932_new\hotspot\src\share\vm\prims\jvm.cpp:1166
Event: 59.001 Thread 0x0112cc00 Threw 0x06eb1028 at C:\jdk7u2_32P\jdk7u13_2932_new\hotspot\src\share\vm\prims\jvm.cpp:1166
Event: 59.001 Thread 0x0112cc00 Threw 0x06eb17d0 at C:\jdk7u2_32P\jdk7u13_2932_new\hotspot\src\share\vm\prims\jvm.cpp:1166
Event: 59.002 Thread 0x0112cc00 Threw 0x06ebcc48 at C:\jdk7u2_32P\jdk7u13_2932_new\hotspot\src\share\vm\prims\jvm.cpp:1166
Event: 59.002 Thread 0x0112cc00 Threw 0x06ebd3f0 at C:\jdk7u2_32P\jdk7u13_2932_new\hotspot\src\share\vm\prims\jvm.cpp:1166
Event: 59.137 Thread 0x0112cc00 Threw 0x045c3f48 at C:\jdk7u2_32P\jdk7u13_2932_new\hotspot\src\share\vm\prims\jvm.cpp:1166
Event: 59.137 Thread 0x0112cc00 Threw 0x045c44b8 at C:\jdk7u2_32P\jdk7u13_2932_new\hotspot\src\share\vm\prims\jvm.cpp:1166

Events (10 events):
Event: 59.137 Thread 0x0112cc00 DEOPT PACKING pc=0x026b6e80 sp=0x008ceba0
Event: 59.137 Thread 0x0112cc00 DEOPT UNPACKING pc=0x025ecdb9 sp=0x008ceaf8 mode 1
Event: 59.137 Thread 0x0112cc00 DEOPT PACKING pc=0x0274ff44 sp=0x008cebd0
Event: 59.137 Thread 0x0112cc00 DEOPT UNPACKING pc=0x025ecdb9 sp=0x008ceab8 mode 1
Event: 59.137 Thread 0x0112cc00 DEOPT PACKING pc=0x02b62718 sp=0x008cec70
Event: 59.137 Thread 0x0112cc00 DEOPT UNPACKING pc=0x025ecdb9 sp=0x008ceaf4 mode 1
Event: 59.140 Thread 0x19c80400 Thread added: 0x19c80400
Event: 59.141 Thread 0x18730800 Thread exited: 0x18730800
Event: 59.141 Thread 0x19c80400 Thread exited: 0x19c80400
Event: 59.141 Executing VM operation: Exit


Dynamic libraries:
0x01190000 - 0x011bf000 	C:\Program Files (x86)\Java\jdk1.7.0_13\bin\javaw.exe
0x77090000 - 0x77210000 	C:\Windows\SysWOW64\ntdll.dll
0x74380000 - 0x74490000 	C:\Windows\syswow64\kernel32.dll
0x75fa0000 - 0x75fe7000 	C:\Windows\syswow64\KERNELBASE.dll
0x746e0000 - 0x74781000 	C:\Windows\syswow64\ADVAPI32.dll
0x76020000 - 0x760cc000 	C:\Windows\syswow64\msvcrt.dll
0x749f0000 - 0x74a09000 	C:\Windows\SysWOW64\sechost.dll
0x75830000 - 0x75920000 	C:\Windows\syswow64\RPCRT4.dll
0x742a0000 - 0x74300000 	C:\Windows\syswow64\SspiCli.dll
0x74290000 - 0x7429c000 	C:\Windows\syswow64\CRYPTBASE.dll
0x75920000 - 0x75a20000 	C:\Windows\syswow64\USER32.dll
0x75d10000 - 0x75da0000 	C:\Windows\syswow64\GDI32.dll
0x745f0000 - 0x745fa000 	C:\Windows\syswow64\LPK.dll
0x75e00000 - 0x75e9d000 	C:\Windows\syswow64\USP10.dll
0x71990000 - 0x71b2e000 	C:\Windows\WinSxS\x86_microsoft.windows.common-controls_6595b64144ccf1df_6.0.7601.18837_none_41e855142bd5705d\COMCTL32.dll
0x747f0000 - 0x74847000 	C:\Windows\syswow64\SHLWAPI.dll
0x76610000 - 0x76670000 	C:\Windows\system32\IMM32.DLL
0x76280000 - 0x7634c000 	C:\Windows\syswow64\MSCTF.dll
0x5e5b0000 - 0x5e66e000 	C:\Program Files (x86)\Java\jdk1.7.0_13\jre\bin\msvcr100.dll
0x594c0000 - 0x5980d000 	C:\Program Files (x86)\Java\jdk1.7.0_13\jre\bin\client\jvm.dll
0x70140000 - 0x70147000 	C:\Windows\system32\WSOCK32.dll
0x75dc0000 - 0x75df5000 	C:\Windows\syswow64\WS2_32.dll
0x75ea0000 - 0x75ea6000 	C:\Windows\syswow64\NSI.dll
0x76210000 - 0x76242000 	C:\Windows\syswow64\WINMM.dll
0x75820000 - 0x75825000 	C:\Windows\syswow64\PSAPI.DLL
0x73a80000 - 0x73a8c000 	C:\Program Files (x86)\Java\jdk1.7.0_13\jre\bin\verify.dll
0x73a50000 - 0x73a70000 	C:\Program Files (x86)\Java\jdk1.7.0_13\jre\bin\java.dll
0x73a10000 - 0x73a3a000 	C:\Program Files (x86)\Java\jdk1.7.0_13\jre\bin\jdwp.dll
0x73970000 - 0x73977000 	C:\Program Files (x86)\Java\jdk1.7.0_13\jre\bin\npt.dll
0x5ffa0000 - 0x5ffb3000 	C:\Program Files (x86)\Java\jdk1.7.0_13\jre\bin\zip.dll
0x6f1e0000 - 0x6f1e8000 	C:\Program Files (x86)\Java\jdk1.7.0_13\jre\bin\dt_socket.dll
0x6eb90000 - 0x6eba0000 	C:\Windows\system32\NLAapi.dll
0x6eb80000 - 0x6eb90000 	C:\Windows\system32\napinsp.dll
0x6eb60000 - 0x6eb72000 	C:\Windows\system32\pnrpnsp.dll
0x736a0000 - 0x736dc000 	C:\Windows\System32\mswsock.dll
0x731b0000 - 0x731f4000 	C:\Windows\system32\DNSAPI.dll
0x6eb50000 - 0x6eb58000 	C:\Windows\System32\winrnr.dll
0x6eb40000 - 0x6eb4d000 	C:\Windows\system32\wshbth.dll
0x71c30000 - 0x71c51000 	C:\Program Files (x86)\Bonjour\mdnsNSP.dll
0x73c30000 - 0x73c4c000 	C:\Windows\system32\Iphlpapi.DLL
0x73c20000 - 0x73c27000 	C:\Windows\system32\WINNSI.DLL
0x6eae0000 - 0x6eb18000 	C:\Windows\System32\fwpuclnt.dll
0x6eb20000 - 0x6eb26000 	C:\Windows\system32\rasadhlp.dll
0x188a0000 - 0x188c2000 	C:\Windows\system32\xunyount.dll
0x741c0000 - 0x741c9000 	C:\Windows\system32\VERSION.dll
0x73790000 - 0x737a2000 	C:\Windows\system32\dhcpcsvc.DLL
0x70090000 - 0x70095000 	C:\Windows\System32\wshtcpip.dll
0x5f760000 - 0x5f774000 	C:\Program Files (x86)\Java\jdk1.7.0_13\jre\bin\net.dll
0x6eb30000 - 0x6eb36000 	C:\Windows\System32\wship6.dll
0x685d0000 - 0x685de000 	C:\Program Files (x86)\Java\jdk1.7.0_13\jre\bin\nio.dll
0x6f0f0000 - 0x6f1db000 	C:\Windows\system32\dbghelp.dll

VM Arguments:
jvm_args: -agentlib:jdwp=transport=dt_socket,suspend=y,address=localhost:6027 -Dmaven.home=EMBEDDED -Dclassworlds.conf=E:\FYKJ_WX\workspace\.metadata\.plugins\org.eclipse.m2e.launching\launches\m2conf3876147764110637021.tmp -Dmaven.multiModuleProjectDirectory=C:\Users\Administrator\git\RemoteData -Dfile.encoding=GBK 
java_command: org.codehaus.plexus.classworlds.launcher.Launcher -B -s E:\FYKJ_WX\settings.xml clean install -Dmaven.test.skip=true
Launcher Type: SUN_STANDARD

Environment Variables:
JAVA_HOME=C:\Program Files (x86)\Java\jdk1.7.0_13
CLASSPATH=.;C:\Program Files (x86)\Java\jdk1.7.0_13\lib\tools.jar;C:\Program Files (x86)\Java\jdk1.7.0_13\lib
PATH=C:\Program Files (x86)\Java\jdk1.7.0_13\jre\bin;e:\app\client\product\11.2.0\client_1\bin;e:\app\oracle\product\11.2.0\client_1;d:\app\oracle\product\11.2.0\client_1;e:\app\oracle\product\11.2.0\dbhome_1\bin;C:\Program Files (x86)\Common Files\NetSarang;C:\Windows/system32;C:\Windows;E:\app\oralce\client\product\11.2.0\client_1\bin;C:\Program Files (x86)\Java\jdk1.6.0_10;E:\Program Files\TortoiseSVN\bin;C:\Windows\system32;C:\Windows\system32\wbem;C:\VisualSVN Server\bin;C:\Program Files\Intel\WiFi\bin\;C:\Program Files\Common Files\Intel\WirelessCommon\;D:\Tools\bin;D:\Tools\Git\cmd;D:\Tools\;C:\Windows\System32\Wbem;D:\Tools\CTEX\UserData\miktex\bin;D:\Tools\CTEX\MiKTeX\miktex\bin;D:\Tools\CTEX\CTeX\ctex\bin;D:\Tools\CTEX\CTeX\cct\bin;D:\Tools\CTEX\CTeX\ty\bin;D:\Tools\CTEX\Ghostscript\gs9.05\bin;D:\Tools\CTEX\GSview\gsview;D:\Tools\CTEX\WinEdt;C:\Windows/system32;C:\Windows;C:\Program Files\Intel\WiFi\bin\;C:\Program Files (x86)\Java\jdk1.7.0_13\bin;D:\maven\bin;D:\apache-tomcat-6.0.29\bin;C:\Python25;C:\Python25\Scripts;C:\GnuWin32\bin;C:\GnuWin32\bin;C:\Tomcat 7.0\bin;C:\VisualSVN Server\bin;E:\submit\apache-ant-1.9.1\bin;D:\Tools\ffmpeg\bin;E:\submit\liferay\liferay-portal-6.2-ce-ga4\tomcat-7.0.42\bin;E:\liferay-portal-6.2-ce-ga5\tomcat-7.0.62\bin;E:\Android\sdk\tools;D:\Tools\gradle-2.13\bin;C:\Program Files\Intel\WiFi\bin\;C:\Program Files\Common Files\Intel\WirelessCommon\;C:\Users\Administrator\AppData\Roaming\npm
USERNAME=Administrator
OS=Windows_NT
PROCESSOR_IDENTIFIER=Intel64 Family 6 Model 69 Stepping 1, GenuineIntel



---------------  S Y S T E M  ---------------

OS: Windows 7 , 64 bit Build 7601 Service Pack 1

CPU:total 4 (2 cores per cpu, 2 threads per core) family 6 model 69 stepping 1, cmov, cx8, fxsr, mmx, sse, sse2, sse3, ssse3, sse4.1, sse4.2, popcnt, avx, avx2, ht, tsc, tscinvbit

Memory: 4k page, physical 8068912k(3041904k free), swap 16660276k(11655352k free)

vm_info: Java HotSpot(TM) Client VM (23.7-b01) for windows-x86 JRE (1.7.0_13-b20), built on Jan 30 2013 10:03:58 by "java_re" with unknown MS VC++:1600

time: Tue Nov 01 14:44:22 2016
elapsed time: 59 seconds

